<?xml version="1.0" encoding="UTF-8"?>
<testng-results ignored="0" total="1" passed="1" failed="0" skipped="0">
  <reporter-output>
  </reporter-output>
  <suite started-at="2025-08-19T14:04:54 IST" name="Default suite" finished-at="2025-08-19T14:04:54 IST" duration-ms="113">
    <groups>
    </groups>
    <test started-at="2025-08-19T14:04:54 IST" name="Default test" finished-at="2025-08-19T14:04:54 IST" duration-ms="113">
      <class name="TestPackage.Test1">
        <test-method signature="a()[pri:0, instance:TestPackage.Test1@765d7657]" started-at="2025-08-19T14:04:54 IST" name="a" finished-at="2025-08-19T14:04:54 IST" duration-ms="19" status="PASS">
          <reporter-output>
          </reporter-output>
        </test-method> <!-- a -->
      </class> <!-- TestPackage.Test1 -->
    </test> <!-- Default test -->
  </suite> <!-- Default suite -->
</testng-results>
